[ 2017-05-05T00:02:51+08:00 ] ::1 /tp-hangkong-jiandan/index.php/Home/accountmanage/orgManage
INFO: [ app_init ] --START--
INFO: Run Behavior\BuildLiteBehavior [ RunTime:0.000000s ]
INFO: [ app_init ] --END-- [ RunTime:0.000000s ]
NOTIC: [8] Constant APP_DEBUG already defined D:\phpStudy\WWW\tp-hangkong-jiandan\Application\Home\Conf\config.php 第 16 行.

[ 2017-05-05T00:02:51+08:00 ] ::1 /tp-hangkong-jiandan/index.php/Home/member/getList
INFO: [ app_init ] --START--
INFO: Run Behavior\BuildLiteBehavior [ RunTime:0.000000s ]
INFO: [ app_init ] --END-- [ RunTime:0.001000s ]
NOTIC: [8] Constant APP_DEBUG already defined D:\phpStudy\WWW\tp-hangkong-jiandan\Application\Home\Conf\config.php 第 16 行.
INFO: [ app_begin ] --START--
INFO: Run Behavior\ReadHtmlCacheBehavior [ RunTime:0.002000s ]
INFO: [ app_begin ] --END-- [ RunTime:0.002000s ]
SQL: SHOW COLUMNS FROM `member_info` [ RunTime:0.007000s ]
NOTIC: [8] Undefined variable: map D:\phpStudy\WWW\tp-hangkong-jiandan\Application\Home\Controller\MemberController.class.php 第 23 行.
SQL: SELECT COUNT(*) AS tp_count FROM `member_info` LIMIT 1   [ RunTime:0.000000s ]
NOTIC: [8] Undefined variable: map D:\phpStudy\WWW\tp-hangkong-jiandan\Application\Home\Controller\MemberController.class.php 第 24 行.
SQL: SELECT * FROM `member_info` LIMIT 0,10   [ RunTime:0.001000s ]
SQL: SELECT * FROM `member_info` WHERE `memberid` = '1'  [ RunTime:0.001000s ]

[ 2017-05-05T00:09:33+08:00 ] ::1 /tp-hangkong-jiandan/index.php/Home/member/getList
INFO: [ app_init ] --START--
INFO: Run Behavior\BuildLiteBehavior [ RunTime:0.000000s ]
INFO: [ app_init ] --END-- [ RunTime:0.002000s ]
NOTIC: [8] Constant APP_DEBUG already defined D:\phpStudy\WWW\tp-hangkong-jiandan\Application\Home\Conf\config.php 第 16 行.

[ 2017-05-05T00:24:34+08:00 ] ::1 /tp-hangkong-jiandan/index.php/Home/member/getRootList
INFO: [ app_init ] --START--
INFO: Run Behavior\BuildLiteBehavior [ RunTime:0.000000s ]
INFO: [ app_init ] --END-- [ RunTime:0.001000s ]
NOTIC: [8] Constant APP_DEBUG already defined D:\phpStudy\WWW\tp-hangkong-jiandan\Application\Home\Conf\config.php 第 16 行.

[ 2017-05-05T00:24:46+08:00 ] ::1 /tp-hangkong-jiandan/index.php/Home/member/getRootList
INFO: [ app_init ] --START--
INFO: Run Behavior\BuildLiteBehavior [ RunTime:0.000000s ]
INFO: [ app_init ] --END-- [ RunTime:0.001000s ]
NOTIC: [8] Constant APP_DEBUG already defined D:\phpStudy\WWW\tp-hangkong-jiandan\Application\Home\Conf\config.php 第 16 行.

[ 2017-05-05T00:24:47+08:00 ] ::1 /tp-hangkong-jiandan/index.php/Home/member/getRootList
INFO: [ app_init ] --START--
INFO: Run Behavior\BuildLiteBehavior [ RunTime:0.000000s ]
INFO: [ app_init ] --END-- [ RunTime:0.001000s ]
NOTIC: [8] Constant APP_DEBUG already defined D:\phpStudy\WWW\tp-hangkong-jiandan\Application\Home\Conf\config.php 第 16 行.

[ 2017-05-05T00:27:26+08:00 ] ::1 /tp-hangkong-jiandan/index.php/Home/member/getRootList
INFO: [ app_init ] --START--
INFO: Run Behavior\BuildLiteBehavior [ RunTime:0.000000s ]
INFO: [ app_init ] --END-- [ RunTime:0.002000s ]
NOTIC: [8] Constant APP_DEBUG already defined D:\phpStudy\WWW\tp-hangkong-jiandan\Application\Home\Conf\config.php 第 16 行.

[ 2017-05-05T00:32:22+08:00 ] ::1 /tp-hangkong-jiandan/index.php/Home/member/getRootList
INFO: [ app_init ] --START--
INFO: Run Behavior\BuildLiteBehavior [ RunTime:0.000000s ]
INFO: [ app_init ] --END-- [ RunTime:0.001000s ]
NOTIC: [8] Constant APP_DEBUG already defined D:\phpStudy\WWW\tp-hangkong-jiandan\Application\Home\Conf\config.php 第 16 行.

[ 2017-05-05T00:39:36+08:00 ] ::1 /tp-hangkong-jiandan/index.php/Home/member/getList
INFO: [ app_init ] --START--
INFO: Run Behavior\BuildLiteBehavior [ RunTime:0.000000s ]
INFO: [ app_init ] --END-- [ RunTime:0.001000s ]
NOTIC: [8] Constant APP_DEBUG already defined D:\phpStudy\WWW\tp-hangkong-jiandan\Application\Home\Conf\config.php 第 16 行.

[ 2017-05-05T00:39:36+08:00 ] ::1 /tp-hangkong-jiandan/index.php/Home/trades/test
INFO: [ app_init ] --START--
INFO: Run Behavior\BuildLiteBehavior [ RunTime:0.000000s ]
INFO: [ app_init ] --END-- [ RunTime:0.001000s ]
NOTIC: [8] Constant APP_DEBUG already defined D:\phpStudy\WWW\tp-hangkong-jiandan\Application\Home\Conf\config.php 第 16 行.

[ 2017-05-05T00:39:38+08:00 ] ::1 /tp-hangkong-jiandan/index.php/Home/member/getList
INFO: [ app_init ] --START--
INFO: Run Behavior\BuildLiteBehavior [ RunTime:0.000000s ]
INFO: [ app_init ] --END-- [ RunTime:0.001000s ]
NOTIC: [8] Constant APP_DEBUG already defined D:\phpStudy\WWW\tp-hangkong-jiandan\Application\Home\Conf\config.php 第 16 行.

[ 2017-05-05T00:39:38+08:00 ] ::1 /tp-hangkong-jiandan/index.php/Home/member/getRootList
INFO: [ app_init ] --START--
INFO: Run Behavior\BuildLiteBehavior [ RunTime:0.000000s ]
INFO: [ app_init ] --END-- [ RunTime:0.000000s ]
NOTIC: [8] Constant APP_DEBUG already defined D:\phpStudy\WWW\tp-hangkong-jiandan\Application\Home\Conf\config.php 第 16 行.

[ 2017-05-05T00:39:46+08:00 ] ::1 /tp-hangkong-jiandan/index.php/Home/member/getList
INFO: [ app_init ] --START--
INFO: Run Behavior\BuildLiteBehavior [ RunTime:0.000000s ]
INFO: [ app_init ] --END-- [ RunTime:0.002000s ]
NOTIC: [8] Constant APP_DEBUG already defined D:\phpStudy\WWW\tp-hangkong-jiandan\Application\Home\Conf\config.php 第 16 行.

[ 2017-05-05T00:40:18+08:00 ] ::1 /tp-hangkong-jiandan/index.php/Home/member/getList
INFO: [ app_init ] --START--
INFO: Run Behavior\BuildLiteBehavior [ RunTime:0.000000s ]
INFO: [ app_init ] --END-- [ RunTime:0.001000s ]
NOTIC: [8] Constant APP_DEBUG already defined D:\phpStudy\WWW\tp-hangkong-jiandan\Application\Home\Conf\config.php 第 16 行.

[ 2017-05-05T00:40:19+08:00 ] ::1 /tp-hangkong-jiandan/index.php/Home/member/getList
INFO: [ app_init ] --START--
INFO: Run Behavior\BuildLiteBehavior [ RunTime:0.000000s ]
INFO: [ app_init ] --END-- [ RunTime:0.001000s ]
NOTIC: [8] Constant APP_DEBUG already defined D:\phpStudy\WWW\tp-hangkong-jiandan\Application\Home\Conf\config.php 第 16 行.

[ 2017-05-05T00:40:19+08:00 ] ::1 /tp-hangkong-jiandan/index.php/Home/member/getList
INFO: [ app_init ] --START--
INFO: Run Behavior\BuildLiteBehavior [ RunTime:0.000000s ]
INFO: [ app_init ] --END-- [ RunTime:0.000000s ]
NOTIC: [8] Constant APP_DEBUG already defined D:\phpStudy\WWW\tp-hangkong-jiandan\Application\Home\Conf\config.php 第 16 行.

[ 2017-05-05T00:40:19+08:00 ] ::1 /tp-hangkong-jiandan/index.php/Home/member/getList
INFO: [ app_init ] --START--
INFO: Run Behavior\BuildLiteBehavior [ RunTime:0.000000s ]
INFO: [ app_init ] --END-- [ RunTime:0.000000s ]
NOTIC: [8] Constant APP_DEBUG already defined D:\phpStudy\WWW\tp-hangkong-jiandan\Application\Home\Conf\config.php 第 16 行.

[ 2017-05-05T00:40:19+08:00 ] ::1 /tp-hangkong-jiandan/index.php/Home/member/getList
INFO: [ app_init ] --START--
INFO: Run Behavior\BuildLiteBehavior [ RunTime:0.000000s ]
INFO: [ app_init ] --END-- [ RunTime:0.001000s ]
NOTIC: [8] Constant APP_DEBUG already defined D:\phpStudy\WWW\tp-hangkong-jiandan\Application\Home\Conf\config.php 第 16 行.

[ 2017-05-05T00:40:20+08:00 ] ::1 /tp-hangkong-jiandan/index.php/Home/member/getList
INFO: [ app_init ] --START--
INFO: Run Behavior\BuildLiteBehavior [ RunTime:0.000000s ]
INFO: [ app_init ] --END-- [ RunTime:0.003000s ]
NOTIC: [8] Constant APP_DEBUG already defined D:\phpStudy\WWW\tp-hangkong-jiandan\Application\Home\Conf\config.php 第 16 行.

[ 2017-05-05T00:40:20+08:00 ] ::1 /tp-hangkong-jiandan/index.php/Home/member/getList
INFO: [ app_init ] --START--
INFO: Run Behavior\BuildLiteBehavior [ RunTime:0.000000s ]
INFO: [ app_init ] --END-- [ RunTime:0.001000s ]
NOTIC: [8] Constant APP_DEBUG already defined D:\phpStudy\WWW\tp-hangkong-jiandan\Application\Home\Conf\config.php 第 16 行.

[ 2017-05-05T00:40:20+08:00 ] ::1 /tp-hangkong-jiandan/index.php/Home/member/getList
INFO: [ app_init ] --START--
INFO: Run Behavior\BuildLiteBehavior [ RunTime:0.000000s ]
INFO: [ app_init ] --END-- [ RunTime:0.001000s ]
NOTIC: [8] Constant APP_DEBUG already defined D:\phpStudy\WWW\tp-hangkong-jiandan\Application\Home\Conf\config.php 第 16 行.

[ 2017-05-05T00:41:32+08:00 ] ::1 /tp-hangkong-jiandan/index.php/Home/member/getRootList
INFO: [ app_init ] --START--
INFO: Run Behavior\BuildLiteBehavior [ RunTime:0.001000s ]
INFO: [ app_init ] --END-- [ RunTime:0.001000s ]
NOTIC: [8] Constant APP_DEBUG already defined D:\phpStudy\WWW\tp-hangkong-jiandan\Application\Home\Conf\config.php 第 16 行.

